<?xml version="1.0" encoding="UTF-8"?>
<testng-results ignored="0" total="1" passed="1" failed="0" skipped="0">
  <reporter-output>
  </reporter-output>
  <suite started-at="2023-12-23T01:53:52 IST" name="Default suite" finished-at="2023-12-23T01:54:03 IST" duration-ms="10809">
    <groups>
    </groups>
    <test started-at="2023-12-23T01:53:52 IST" name="Default test" finished-at="2023-12-23T01:54:03 IST" duration-ms="10809">
      <class name="Interview_Questions_2023.AmazonWebpageAutomation">
        <test-method is-config="true" signature="beforeTest()[pri:0, instance:Interview_Questions_2023.AmazonWebpageAutomation@957e06]" started-at="2023-12-23T01:53:52 IST" name="beforeTest" finished-at="2023-12-23T01:53:58 IST" duration-ms="6299" status="PASS">
          <reporter-output>
          </reporter-output>
        </test-method> <!-- beforeTest -->
        <test-method signature="Test1()[pri:0, instance:Interview_Questions_2023.AmazonWebpageAutomation@957e06]" started-at="2023-12-23T01:53:59 IST" name="Test1" finished-at="2023-12-23T01:54:03 IST" duration-ms="4457" status="PASS">
          <reporter-output>
          </reporter-output>
        </test-method> <!-- Test1 -->
        <test-method is-config="true" signature="AfterTest()[pri:0, instance:Interview_Questions_2023.AmazonWebpageAutomation@957e06]" started-at="2023-12-23T01:54:03 IST" name="AfterTest" finished-at="2023-12-23T01:54:03 IST" duration-ms="1" status="PASS">
          <reporter-output>
          </reporter-output>
        </test-method> <!-- AfterTest -->
      </class> <!-- Interview_Questions_2023.AmazonWebpageAutomation -->
    </test> <!-- Default test -->
  </suite> <!-- Default suite -->
</testng-results>
